<?xml version="1.0" encoding="UTF-8"?>
<testng-results total="1" passed="1" failed="0" skipped="0">
  <reporter-output>
  </reporter-output>
  <suite started-at="2023-07-10T19:08:08Z" name="Default suite" finished-at="2023-07-10T19:08:18Z" duration-ms="9720">
    <groups>
    </groups>
    <test started-at="2023-07-10T19:08:08Z" name="Default test" finished-at="2023-07-10T19:08:18Z" duration-ms="9720">
      <class name="Testcase.Logintest">
        <test-method is-config="true" signature="setup()[pri:0, instance:Testcase.Logintest@609db546]" started-at="2023-07-11T00:38:08Z" name="setup" finished-at="2023-07-11T00:38:15Z" duration-ms="6676" status="PASS">
          <reporter-output>
          </reporter-output>
        </test-method> <!-- setup -->
        <test-method signature="loginapp()[pri:0, instance:Testcase.Logintest@609db546]" started-at="2023-07-11T00:38:15Z" name="loginapp" finished-at="2023-07-11T00:38:17Z" duration-ms="2662" status="PASS">
          <reporter-output>
          </reporter-output>
        </test-method> <!-- loginapp -->
        <test-method is-config="true" signature="teardown()[pri:0, instance:Testcase.Logintest@609db546]" started-at="2023-07-11T00:38:17Z" name="teardown" finished-at="2023-07-11T00:38:18Z" duration-ms="345" status="PASS">
          <reporter-output>
          </reporter-output>
        </test-method> <!-- teardown -->
      </class> <!-- Testcase.Logintest -->
    </test> <!-- Default test -->
  </suite> <!-- Default suite -->
</testng-results>
